2018-05-25 09:35:06.504  WARN org.zgl.GameMain.main(GameMain.java:14) - 静态数据加载...
2018-05-25 09:35:08.073  WARN org.zgl.GameMain.main(GameMain.java:16) - ------------------------------------静态数据加载成功---------------------------------
2018-05-25 09:35:08.074  WARN org.zgl.GameMain.main(GameMain.java:18) - 大厅服务器启动...
2018-05-25 14:01:03.179  WARN org.zgl.GameMain.main(GameMain.java:15) - 静态数据加载...
2018-05-25 14:01:05.347  WARN org.zgl.GameMain.main(GameMain.java:17) - ------------------------------------静态数据加载成功---------------------------------
2018-05-25 14:01:05.347  WARN org.zgl.GameMain.main(GameMain.java:20) - 数据库加载...
2018-05-25 14:01:27.266 ERROR org.zgl.orm.core.DBManager.createConn(DBManager.java:54) - 创建数据库链接是异常
com.mysql.jdbc.exceptions.jdbc4.CommunicationsException: Communications link failure

The last packet sent successfully to the server was 0 milliseconds ago. The driver has not received any packets from the server.
	at java.base/jdk.internal.reflect.NativeConstructorAccessorImpl.newInstance0(Native Method)
	at java.base/jdk.internal.reflect.NativeConstructorAccessorImpl.newInstance(NativeConstructorAccessorImpl.java:62)
	at java.base/jdk.internal.reflect.DelegatingConstructorAccessorImpl.newInstance(DelegatingConstructorAccessorImpl.java:45)
	at java.base/java.lang.reflect.Constructor.newInstance(Constructor.java:488)
	at com.mysql.jdbc.Util.handleNewInstance(Util.java:425)
	at com.mysql.jdbc.SQLError.createCommunicationsException(SQLError.java:989)
	at com.mysql.jdbc.MysqlIO.<init>(MysqlIO.java:341)
	at com.mysql.jdbc.ConnectionImpl.coreConnect(ConnectionImpl.java:2192)
	at com.mysql.jdbc.ConnectionImpl.connectOneTryOnly(ConnectionImpl.java:2225)
	at com.mysql.jdbc.ConnectionImpl.createNewIO(ConnectionImpl.java:2024)
	at com.mysql.jdbc.ConnectionImpl.<init>(ConnectionImpl.java:779)
	at com.mysql.jdbc.JDBC4Connection.<init>(JDBC4Connection.java:47)
	at java.base/jdk.internal.reflect.NativeConstructorAccessorImpl.newInstance0(Native Method)
	at java.base/jdk.internal.reflect.NativeConstructorAccessorImpl.newInstance(NativeConstructorAccessorImpl.java:62)
	at java.base/jdk.internal.reflect.DelegatingConstructorAccessorImpl.newInstance(DelegatingConstructorAccessorImpl.java:45)
	at java.base/java.lang.reflect.Constructor.newInstance(Constructor.java:488)
	at com.mysql.jdbc.Util.handleNewInstance(Util.java:425)
	at com.mysql.jdbc.ConnectionImpl.getInstance(ConnectionImpl.java:389)
	at com.mysql.jdbc.NonRegisteringDriver.connect(NonRegisteringDriver.java:330)
	at java.sql/java.sql.DriverManager.getConnection(DriverManager.java:677)
	at java.sql/java.sql.DriverManager.getConnection(DriverManager.java:228)
	at org.zgl.orm.core.DBManager.createConn(DBManager.java:51)
	at org.zgl.orm.pool.DBConnPool.initPool(DBConnPool.java:37)
	at org.zgl.orm.pool.DBConnPool.<init>(DBConnPool.java:78)
	at org.zgl.orm.core.DBManager.getConnection(DBManager.java:40)
	at org.zgl.orm.core.TableContext.<clinit>(TableContext.java:26)
	at org.zgl.orm.core.QueryFactory.<clinit>(QueryFactory.java:20)
	at org.zgl.GameMain.main(GameMain.java:21)
Caused by: java.net.ConnectException: Connection timed out: connect
	at java.base/java.net.DualStackPlainSocketImpl.connect0(Native Method)
	at java.base/java.net.DualStackPlainSocketImpl.socketConnect(DualStackPlainSocketImpl.java:79)
	at java.base/java.net.AbstractPlainSocketImpl.doConnect(AbstractPlainSocketImpl.java:400)
	at java.base/java.net.AbstractPlainSocketImpl.connectToAddress(AbstractPlainSocketImpl.java:243)
	at java.base/java.net.AbstractPlainSocketImpl.connect(AbstractPlainSocketImpl.java:225)
	at java.base/java.net.PlainSocketImpl.connect(PlainSocketImpl.java:148)
	at java.base/java.net.SocksSocketImpl.connect(SocksSocketImpl.java:402)
	at java.base/java.net.Socket.connect(Socket.java:591)
	at com.mysql.jdbc.StandardSocketFactory.connect(StandardSocketFactory.java:211)
	at com.mysql.jdbc.MysqlIO.<init>(MysqlIO.java:300)
	... 21 more
2018-05-25 14:01:36.831  WARN org.zgl.GameMain.main(GameMain.java:15) - 静态数据加载...
2018-05-25 14:01:38.168  WARN org.zgl.GameMain.main(GameMain.java:17) - ------------------------------------静态数据加载成功---------------------------------
2018-05-25 14:01:38.168  WARN org.zgl.GameMain.main(GameMain.java:20) - 数据库加载...
2018-05-25 14:01:59.347 ERROR org.zgl.orm.core.DBManager.createConn(DBManager.java:54) - 创建数据库链接是异常
com.mysql.jdbc.exceptions.jdbc4.CommunicationsException: Communications link failure

The last packet sent successfully to the server was 0 milliseconds ago. The driver has not received any packets from the server.
	at java.base/jdk.internal.reflect.NativeConstructorAccessorImpl.newInstance0(Native Method)
	at java.base/jdk.internal.reflect.NativeConstructorAccessorImpl.newInstance(NativeConstructorAccessorImpl.java:62)
	at java.base/jdk.internal.reflect.DelegatingConstructorAccessorImpl.newInstance(DelegatingConstructorAccessorImpl.java:45)
	at java.base/java.lang.reflect.Constructor.newInstance(Constructor.java:488)
	at com.mysql.jdbc.Util.handleNewInstance(Util.java:425)
	at com.mysql.jdbc.SQLError.createCommunicationsException(SQLError.java:989)
	at com.mysql.jdbc.MysqlIO.<init>(MysqlIO.java:341)
	at com.mysql.jdbc.ConnectionImpl.coreConnect(ConnectionImpl.java:2192)
	at com.mysql.jdbc.ConnectionImpl.connectOneTryOnly(ConnectionImpl.java:2225)
	at com.mysql.jdbc.ConnectionImpl.createNewIO(ConnectionImpl.java:2024)
	at com.mysql.jdbc.ConnectionImpl.<init>(ConnectionImpl.java:779)
	at com.mysql.jdbc.JDBC4Connection.<init>(JDBC4Connection.java:47)
	at java.base/jdk.internal.reflect.NativeConstructorAccessorImpl.newInstance0(Native Method)
	at java.base/jdk.internal.reflect.NativeConstructorAccessorImpl.newInstance(NativeConstructorAccessorImpl.java:62)
	at java.base/jdk.internal.reflect.DelegatingConstructorAccessorImpl.newInstance(DelegatingConstructorAccessorImpl.java:45)
	at java.base/java.lang.reflect.Constructor.newInstance(Constructor.java:488)
	at com.mysql.jdbc.Util.handleNewInstance(Util.java:425)
	at com.mysql.jdbc.ConnectionImpl.getInstance(ConnectionImpl.java:389)
	at com.mysql.jdbc.NonRegisteringDriver.connect(NonRegisteringDriver.java:330)
	at java.sql/java.sql.DriverManager.getConnection(DriverManager.java:677)
	at java.sql/java.sql.DriverManager.getConnection(DriverManager.java:228)
	at org.zgl.orm.core.DBManager.createConn(DBManager.java:51)
	at org.zgl.orm.pool.DBConnPool.initPool(DBConnPool.java:37)
	at org.zgl.orm.pool.DBConnPool.<init>(DBConnPool.java:78)
	at org.zgl.orm.core.DBManager.getConnection(DBManager.java:40)
	at org.zgl.orm.core.TableContext.<clinit>(TableContext.java:26)
	at org.zgl.orm.core.QueryFactory.<clinit>(QueryFactory.java:20)
	at org.zgl.GameMain.main(GameMain.java:21)
Caused by: java.net.ConnectException: Connection timed out: connect
	at java.base/java.net.DualStackPlainSocketImpl.connect0(Native Method)
	at java.base/java.net.DualStackPlainSocketImpl.socketConnect(DualStackPlainSocketImpl.java:79)
	at java.base/java.net.AbstractPlainSocketImpl.doConnect(AbstractPlainSocketImpl.java:400)
	at java.base/java.net.AbstractPlainSocketImpl.connectToAddress(AbstractPlainSocketImpl.java:243)
	at java.base/java.net.AbstractPlainSocketImpl.connect(AbstractPlainSocketImpl.java:225)
	at java.base/java.net.PlainSocketImpl.connect(PlainSocketImpl.java:148)
	at java.base/java.net.SocksSocketImpl.connect(SocksSocketImpl.java:402)
	at java.base/java.net.Socket.connect(Socket.java:591)
	at com.mysql.jdbc.StandardSocketFactory.connect(StandardSocketFactory.java:211)
	at com.mysql.jdbc.MysqlIO.<init>(MysqlIO.java:300)
	... 21 more
2018-05-25 14:02:20.357 ERROR org.zgl.orm.core.DBManager.createConn(DBManager.java:54) - 创建数据库链接是异常
com.mysql.jdbc.exceptions.jdbc4.CommunicationsException: Communications link failure

The last packet sent successfully to the server was 0 milliseconds ago. The driver has not received any packets from the server.
	at java.base/jdk.internal.reflect.NativeConstructorAccessorImpl.newInstance0(Native Method)
	at java.base/jdk.internal.reflect.NativeConstructorAccessorImpl.newInstance(NativeConstructorAccessorImpl.java:62)
	at java.base/jdk.internal.reflect.DelegatingConstructorAccessorImpl.newInstance(DelegatingConstructorAccessorImpl.java:45)
	at java.base/java.lang.reflect.Constructor.newInstance(Constructor.java:488)
	at com.mysql.jdbc.Util.handleNewInstance(Util.java:425)
	at com.mysql.jdbc.SQLError.createCommunicationsException(SQLError.java:989)
	at com.mysql.jdbc.MysqlIO.<init>(MysqlIO.java:341)
	at com.mysql.jdbc.ConnectionImpl.coreConnect(ConnectionImpl.java:2192)
	at com.mysql.jdbc.ConnectionImpl.connectOneTryOnly(ConnectionImpl.java:2225)
	at com.mysql.jdbc.ConnectionImpl.createNewIO(ConnectionImpl.java:2024)
	at com.mysql.jdbc.ConnectionImpl.<init>(ConnectionImpl.java:779)
	at com.mysql.jdbc.JDBC4Connection.<init>(JDBC4Connection.java:47)
	at java.base/jdk.internal.reflect.NativeConstructorAccessorImpl.newInstance0(Native Method)
	at java.base/jdk.internal.reflect.NativeConstructorAccessorImpl.newInstance(NativeConstructorAccessorImpl.java:62)
	at java.base/jdk.internal.reflect.DelegatingConstructorAccessorImpl.newInstance(DelegatingConstructorAccessorImpl.java:45)
	at java.base/java.lang.reflect.Constructor.newInstance(Constructor.java:488)
	at com.mysql.jdbc.Util.handleNewInstance(Util.java:425)
	at com.mysql.jdbc.ConnectionImpl.getInstance(ConnectionImpl.java:389)
	at com.mysql.jdbc.NonRegisteringDriver.connect(NonRegisteringDriver.java:330)
	at java.sql/java.sql.DriverManager.getConnection(DriverManager.java:677)
	at java.sql/java.sql.DriverManager.getConnection(DriverManager.java:228)
	at org.zgl.orm.core.DBManager.createConn(DBManager.java:51)
	at org.zgl.orm.pool.DBConnPool.initPool(DBConnPool.java:37)
	at org.zgl.orm.pool.DBConnPool.<init>(DBConnPool.java:78)
	at org.zgl.orm.core.DBManager.getConnection(DBManager.java:40)
	at org.zgl.orm.core.TableContext.<clinit>(TableContext.java:26)
	at org.zgl.orm.core.QueryFactory.<clinit>(QueryFactory.java:20)
	at org.zgl.GameMain.main(GameMain.java:21)
Caused by: java.net.ConnectException: Connection timed out: connect
	at java.base/java.net.DualStackPlainSocketImpl.connect0(Native Method)
	at java.base/java.net.DualStackPlainSocketImpl.socketConnect(DualStackPlainSocketImpl.java:79)
	at java.base/java.net.AbstractPlainSocketImpl.doConnect(AbstractPlainSocketImpl.java:400)
	at java.base/java.net.AbstractPlainSocketImpl.connectToAddress(AbstractPlainSocketImpl.java:243)
	at java.base/java.net.AbstractPlainSocketImpl.connect(AbstractPlainSocketImpl.java:225)
	at java.base/java.net.PlainSocketImpl.connect(PlainSocketImpl.java:148)
	at java.base/java.net.SocksSocketImpl.connect(SocksSocketImpl.java:402)
	at java.base/java.net.Socket.connect(Socket.java:591)
	at com.mysql.jdbc.StandardSocketFactory.connect(StandardSocketFactory.java:211)
	at com.mysql.jdbc.MysqlIO.<init>(MysqlIO.java:300)
	... 21 more
2018-05-25 14:02:21.004  WARN org.zgl.GameMain.main(GameMain.java:22) - ------------------------------------数据库加载成功---------------------------------
2018-05-25 14:02:21.005  WARN org.zgl.GameMain.main(GameMain.java:24) - 大厅服务器启动...
2018-05-25 14:02:28.050  WARN org.zgl.GameMain.main(GameMain.java:15) - 静态数据加载...
2018-05-25 14:02:29.365  WARN org.zgl.GameMain.main(GameMain.java:17) - ------------------------------------静态数据加载成功---------------------------------
2018-05-25 14:02:29.365  WARN org.zgl.GameMain.main(GameMain.java:20) - 数据库加载...
2018-05-25 14:02:29.825  WARN org.zgl.GameMain.main(GameMain.java:22) - ------------------------------------数据库加载成功---------------------------------
2018-05-25 14:02:29.830  WARN org.zgl.GameMain.main(GameMain.java:24) - 大厅服务器启动...
2018-05-25 15:06:21.410  WARN org.zgl.GameMain.main(GameMain.java:15) - 静态数据加载...
2018-05-25 15:06:23.005  WARN org.zgl.GameMain.main(GameMain.java:17) - ------------------------------------静态数据加载成功---------------------------------
2018-05-25 15:06:23.005  WARN org.zgl.GameMain.main(GameMain.java:20) - 数据库加载...
2018-05-25 15:06:23.551  WARN org.zgl.GameMain.main(GameMain.java:22) - ------------------------------------数据库加载成功---------------------------------
2018-05-25 15:06:23.551  WARN org.zgl.GameMain.main(GameMain.java:24) - 大厅服务器启动...
